Implementing a block chain      000000000000Jan  5 00:00:00 197000000000000000000000000000000000000000000000000000000000
today in what will go down in   1       voidJan  7 20:37:46 2018df29a4525d165cd148af67028e253c95.fbhh540194qoq8u38kecev1
history as the greatest         2       voidJan  7 20:37:46 201800000b85a714e1106df5921501b9b1ae.0mfrpbff8addk2qog35mgjo
demonstration for freedom in    3       voidJan  7 20:37:47 201800000a72613d0d6a79fd4abe21dea9a2.m394p6ft8o7a16e5iidns66
the history of our nation.      4       voidJan  7 20:37:47 2018000005259ef51d6bf51dcb60120d1db6.b03mri49gl4pfk364khedun
Five score years ago, a great   5       voidJan  7 20:37:48 201800000cb333f9a13dc9d9121b548c98f5.0d1lvf4tts35lgdhvf2menp
American, in whose symbolic     6       voidJan  7 20:37:48 2018000006f9708b8dc39d4cb8f32a2449a2.afknoq4brsov5tjbs8qo84t
shadow we stand today, signed   7       voidJan  7 20:37:49 201800000d9c7fbe7841ca5ebebc743ba22c.nfa4jmvpeghlgd0f6e376u4
the Emancipation Proclamation.  8       voidJan  7 20:37:50 2018000002244e6dfe2368cf1dfaf974dbe4.sldh4na6qfli43tc772j47q
This momentous decree came as   9       voidJan  7 20:37:50 20180000082af151399dfef0fb94d37dc479.m8ghi45i5fqoq0udsf23trm
a great beacon light of hope    10      voidJan  7 20:37:52 20180000004b5c8239268c0b141c56eb7c21.rkbvirqm3vcsva35ieo4lfs
to millions of Negro slaves     11      voidJan  7 20:37:53 2018000000fe412d73dd1d096121afae5fdf.m2mok07aardjdrsulp4rs0r
who had been seared in the      12      voidJan  7 20:37:53 2018000002344d7216bd20905022903987ea.3ramf4e9mdqa1o6fp09iinf
flames of withering injustice.  13      voidJan  7 20:37:55 2018000006559ed555ca922cb3b2e8d2552e.bfv5rj6jn9bqusattvn2nf7
It came as a joyous daybreak    14      voidJan  7 20:37:56 20180000079b25adb12f41e622c7a63f6f5e.97l32rc1psl4lcmb6744mhc
to end the long night of their  15      voidJan  7 20:37:56 20180000017aa19e069918c587a0c4d69b28.lq9rjosh2hc1c42ousng4ot
captivity. But one hundred      16      voidJan  7 20:37:57 201800000a8a1dde1937ab282f0d0bf5dc08.sku2n8guup2mh9lqm0j341u
years later, the Negro still    17      voidJan  7 20:37:58 201800000dde56691379ea09fbae5c8d04be.5l4jci6k5todg83jgs9pd82
is not free. One hundred years  18      voidJan  7 20:37:58 2018000004fc3cc6a865b4303f76f9b54b27.ftcagf8poilmr5kpqiu602d
later, the life of the Negro    19      voidJan  7 20:37:59 20180000093db3a2d814425ae0e15eb79d5c.1qo648a48nab88sp3jvklts
is still sadly crippled by the  20      voidJan  7 20:38:01 201800000f0421b00b68829df100b6cc300a.pmq3v1r7fkaga1snusa01dj
manacles of segregation and     21      voidJan  7 20:38:04 201800000ef36217d8bd6c56baea905a1930.agvrd6drl5dcbvu839qe0mr
the chains of discrimination.   22      voidJan  7 20:38:04 201800000ef85d90999f35619e3793f9c752.hjbsig9lbua5shsokd0gqf6
One hundred years later, the    23      voidJan  7 20:38:04 2018000002c1857d22cd5aa1bedead32f2ac.vdbv47ao8lvpe8vt8vgs0t7
Negro lives on a lonely island  24      voidJan  7 20:38:05 201800000b194bd8db8f3db9c5cc8dfc9ce8.mum6d1eb75pagvee5bbkv9m
of poverty in the midst of a    25      voidJan  7 20:38:06 201800000378806f636a99700065cfb37f97.i2f49f8id4rlhqqn9osek4s
vast ocean of material          26      voidJan  7 20:38:06 201800000c5d696962baf26cfc03181a4bd7.h4kfbth7mejirlv2984pn0f
prosperity. One hundred years   27      voidJan  7 20:38:07 201800000ecb37202d7f7bccd04493e1d0f0.ec5vjheb9216ukt6tqlt2bg
later, the Negro is still       28      voidJan  7 20:38:07 201800000596ef9e7e5257567b4c0c10aeea.61puov7gq9bcqo2m47krf16
languishing in the corners of   29      voidJan  7 20:38:08 2018000009bc4ef15bdb82fca3e91750a826.mvtkteqnu5grro0es0nk3a0
American society and finds      30      voidJan  7 20:38:08 2018000001e2e5ab187ce89b9212878c52f8.hdhgnlblqdgj1o5t78gedaa
himself an exile in his own     31      voidJan  7 20:38:08 201800000c79acdf00f18c125f28f5fa0e33.4mtvp73ed9p87fdpocvc4vp
land. So we have come here      32      voidJan  7 20:38:08 201800000258eec6b0bcc60b7117cc3a0253.rfnag4fbpe8ikvpn6c69biq
today to dramatize a shameful   33      voidJan  7 20:38:10 20180000052e8d120718a6d31b6e84e5e978.oar7emlpt5vgl1gdcrdao9t
condition. In a sense we have   34      voidJan  7 20:38:11 201800000ff82cab07662eebb1552a8aff6a.4j99ub4jg1cieor2d4qkpcl
come to our nation's capital    35      voidJan  7 20:38:11 2018000001b1b6d79a702a8166601e783b50.lbqrni0h6ll9kqn4aupfrav
to cash a check. When the       36      voidJan  7 20:38:12 201800000247b872e984f8be171517c947e2.lenesuidhiussh8rfgn6qfn
architects of our republic      37      voidJan  7 20:38:13 2018000004ae04c2e9d82d4f1cd370935eb6.eqtscjdf6h9vsecgd4qbf5k
wrote the magnificent words of  38      voidJan  7 20:38:13 2018000003a8ab6918692301e3701b4af0fa.mj02i1mqr7gvsoje52lf147
the Constitution and the        39      voidJan  7 20:38:14 201800000b4ddf8348f78626cc8dbe94f2d2.3mb39k3k8s9oqv3tekra8jc
Declaration of Independence,    40      voidJan  7 20:38:14 201800000cb51a1b55d2555da1986648da34.ups0noat4srv2vb07u2tcti
they were signing a promissory  41      voidJan  7 20:38:15 201800000dceba53de923d46a7cdc96cb077.2nuigl37pmabqco6udd1kn3
note to which every American    42      voidJan  7 20:38:16 2018000002d41667fd2ea9191e3540d191ee.tp4jg11rb7id8c7cdonoe88
was to fall heir. This note     43      voidJan  7 20:38:16 201800000816a08a2d81e33fc3372e378e15.4sdha2b8mhcpfbq23o4f2qv
was a promise that all men,     44      voidJan  7 20:38:17 20180000090fe5c64335d41951cc0f762032.5f4bggc0dn32o9qim2tvc49
yes, black men as well as       45      voidJan  7 20:38:18 2018000007dfd56ed6d56bbbceb2a1c8376b.r8912gn8eq40e1df56kvtbd
white men, would be guaranteed  46      voidJan  7 20:38:19 201800000acc11af9c9691c4460be8d93711.kclekaht4qgt1iae6jeuu3e
the unalienable rights of       47      voidJan  7 20:38:19 20180000021ecf7d8902c6d4931c3d98b74c.tmdfl2kqkesrejtf624tmoh
life, liberty, and the pursuit  48      voidJan  7 20:38:19 20180000073b280227f55ac290e684d2c343.s6mf9aren3j6r4ms4h92ppc
of happiness. It is obvious     49      voidJan  7 20:38:20 201800000615a0ddbf6ccfad5a9264fc1e39.8fotqbejagvk7hdinmi0muj
today that America has          50      voidJan  7 20:38:21 201800000c996a55d38a55d6604946d9918d.smgkdqhoocrs5fsvephnder
defaulted on this promissory    51      voidJan  7 20:38:21 201800000c4039f915d08299a99903b7884b.s6tn6hegj1g0kmu9huu531o
note insofar as her citizens    52      voidJan  7 20:38:21 2018000000f957f0bb75a47414afc643d0e8.sgh4li9dsjgk1r3qfv5tp35
of color are concerned.         53      voidJan  7 20:38:21 2018000002fe1fb051ae4075412c8245a9f3.vp5rksohh4q0q6aa2of7hmc
Instead of honoring this        54      voidJan  7 20:38:22 201800000313fa488d6cf797df3dcd075d75.3hp6aq4s5hgnus532skm24l
sacred obligation, America has  55      voidJan  7 20:38:22 201800000a427526cac2a444ea1cda004449.18asqdpibnc8tc0fqgrrir4
given the Negro people a bad    56      voidJan  7 20:38:23 201800000882883f7f9ea17da72b8c2457a4.kp4h4p9ag6ne3r833hdrc3m
check, a check which has come   57      voidJan  7 20:38:24 201800000a6d5ad776f6db515dbbffd0d0f7.6iqbu8jebg8vf6og6komnsp
back marked "insufficient       58      voidJan  7 20:38:24 201800000110a4758db02ebc0e7d28dc28e2.3ljj36iek4615kcgbhefgck
funds."                         59      voidJan  7 20:38:24 20180000060dab771a5642afc21ddb8ed34e.4fprnrm9o8u8pcdol603gl7
